The system is: Windows - 10.0.22631 - AMD64
Compiling the C compiler identification source file "CMakeCCompilerId.c" succeeded.
Compiler: C:/Program Files (x86)/Microsoft Visual Studio/2019/Community/VC/Tools/MSVC/14.29.30133/bin/Hostx64/x64/cl.exe 
Build flags: 
Id flags:  

The output was:
0
Microsoft (R) C/C++-Optimierungscompiler Version 19.29.30154 für x64
Copyright (C) Microsoft Corporation. Alle Rechte vorbehalten.

CMakeCCompilerId.c
Microsoft (R) Incremental Linker Version 14.29.30154.0
Copyright (C) Microsoft Corporation.  All rights reserved.

/out:CMakeCCompilerId.exe 
CMakeCCompilerId.obj 


Compilation of the C compiler identification source "CMakeCCompilerId.c" produced "CMakeCCompilerId.exe"

Compilation of the C compiler identification source "CMakeCCompilerId.c" produced "CMakeCCompilerId.obj"

The C compiler identification is MSVC, found in "C:/Users/jh200/Documents/GamelabIIIFinal/code/Hookmaster/cmake-build-release/CMakeFiles/3.23.2/CompilerIdC/CMakeCCompilerId.exe"

Compiling the CXX compiler identification source file "CMakeCXXCompilerId.cpp" succeeded.
Compiler: C:/Program Files (x86)/Microsoft Visual Studio/2019/Community/VC/Tools/MSVC/14.29.30133/bin/Hostx64/x64/cl.exe 
Build flags: 
Id flags:  

The output was:
0
Microsoft (R) C/C++-Optimierungscompiler Version 19.29.30154 für x64
Copyright (C) Microsoft Corporation. Alle Rechte vorbehalten.

CMakeCXXCompilerId.cpp
Microsoft (R) Incremental Linker Version 14.29.30154.0
Copyright (C) Microsoft Corporation.  All rights reserved.

/out:CMakeCXXCompilerId.exe 
CMakeCXXCompilerId.obj 


Compilation of the CXX compiler identification source "CMakeCXXCompilerId.cpp" produced "CMakeCXXCompilerId.exe"

Compilation of the CXX compiler identification source "CMakeCXXCompilerId.cpp" produced "CMakeCXXCompilerId.obj"

The CXX compiler identification is MSVC, found in "C:/Users/jh200/Documents/GamelabIIIFinal/code/Hookmaster/cmake-build-release/CMakeFiles/3.23.2/CompilerIdCXX/CMakeCXXCompilerId.exe"

Detecting C compiler ABI info compiled with the following output:
Change Dir: C:/Users/jh200/Documents/GamelabIIIFinal/code/Hookmaster/cmake-build-release/CMakeFiles/CMakeTmp

Run Build Command(s):C:/Program Files/JetBrains/CLion 2022.2.4/bin/ninja/win/ninja.exe cmTC_af564 && [1/2] Building C object CMakeFiles\cmTC_af564.dir\CMakeCCompilerABI.c.obj
[2/2] Linking C executable cmTC_af564.exe



Detecting CXX compiler ABI info compiled with the following output:
Change Dir: C:/Users/jh200/Documents/GamelabIIIFinal/code/Hookmaster/cmake-build-release/CMakeFiles/CMakeTmp

Run Build Command(s):C:/Program Files/JetBrains/CLion 2022.2.4/bin/ninja/win/ninja.exe cmTC_06df7 && [1/2] Building CXX object CMakeFiles\cmTC_06df7.dir\CMakeCXXCompilerABI.cpp.obj
[2/2] Linking CXX executable cmTC_06df7.exe



Determining if the include file sys/types.h exists passed with the following output:
Change Dir: C:/Users/jh200/Documents/GamelabIIIFinal/code/Hookmaster/cmake-build-release/CMakeFiles/CMakeTmp

Run Build Command(s):C:/Program Files/JetBrains/CLion 2022.2.4/bin/ninja/win/ninja.exe cmTC_6edba && [1/2] Building C object CMakeFiles\cmTC_6edba.dir\CheckIncludeFile.c.obj
[2/2] Linking C executable cmTC_6edba.exe



Determining if the include file stdint.h exists passed with the following output:
Change Dir: C:/Users/jh200/Documents/GamelabIIIFinal/code/Hookmaster/cmake-build-release/CMakeFiles/CMakeTmp

Run Build Command(s):C:/Program Files/JetBrains/CLion 2022.2.4/bin/ninja/win/ninja.exe cmTC_01177 && [1/2] Building C object CMakeFiles\cmTC_01177.dir\CheckIncludeFile.c.obj
[2/2] Linking C executable cmTC_01177.exe



Determining if the include file stddef.h exists passed with the following output:
Change Dir: C:/Users/jh200/Documents/GamelabIIIFinal/code/Hookmaster/cmake-build-release/CMakeFiles/CMakeTmp

Run Build Command(s):C:/Program Files/JetBrains/CLion 2022.2.4/bin/ninja/win/ninja.exe cmTC_a3d8a && [1/2] Building C object CMakeFiles\cmTC_a3d8a.dir\CheckIncludeFile.c.obj
[2/2] Linking C executable cmTC_a3d8a.exe



