The system is: Windows - 10.0.22631 - AMD64
Compiling the C compiler identification source file "CMakeCCompilerId.c" succeeded.
Compiler: C:/Program Files (x86)/Microsoft Visual Studio/2019/Community/VC/Tools/MSVC/14.29.30133/bin/Hostx64/x64/cl.exe 
Build flags: 
Id flags:  

The output was:
0
Microsoft (R) C/C++-Optimierungscompiler Version 19.29.30154 für x64
Copyright (C) Microsoft Corporation. Alle Rechte vorbehalten.

CMakeCCompilerId.c
Microsoft (R) Incremental Linker Version 14.29.30154.0
Copyright (C) Microsoft Corporation.  All rights reserved.

/out:CMakeCCompilerId.exe 
CMakeCCompilerId.obj 


Compilation of the C compiler identification source "CMakeCCompilerId.c" produced "CMakeCCompilerId.exe"

Compilation of the C compiler identification source "CMakeCCompilerId.c" produced "CMakeCCompilerId.obj"

The C compiler identification is MSVC, found in "C:/Users/jh200/Documents/GamelabIIIFinal/code/Hookmaster/cmake-build-release-visual-studio/CMakeFiles/3.23.2/CompilerIdC/CMakeCCompilerId.exe"

Compiling the CXX compiler identification source file "CMakeCXXCompilerId.cpp" succeeded.
Compiler: C:/Program Files (x86)/Microsoft Visual Studio/2019/Community/VC/Tools/MSVC/14.29.30133/bin/Hostx64/x64/cl.exe 
Build flags: 
Id flags:  

The output was:
0
Microsoft (R) C/C++-Optimierungscompiler Version 19.29.30154 für x64
Copyright (C) Microsoft Corporation. Alle Rechte vorbehalten.

CMakeCXXCompilerId.cpp
Microsoft (R) Incremental Linker Version 14.29.30154.0
Copyright (C) Microsoft Corporation.  All rights reserved.

/out:CMakeCXXCompilerId.exe 
CMakeCXXCompilerId.obj 


Compilation of the CXX compiler identification source "CMakeCXXCompilerId.cpp" produced "CMakeCXXCompilerId.exe"

Compilation of the CXX compiler identification source "CMakeCXXCompilerId.cpp" produced "CMakeCXXCompilerId.obj"

The CXX compiler identification is MSVC, found in "C:/Users/jh200/Documents/GamelabIIIFinal/code/Hookmaster/cmake-build-release-visual-studio/CMakeFiles/3.23.2/CompilerIdCXX/CMakeCXXCompilerId.exe"

Detecting C compiler ABI info compiled with the following output:
Change Dir: C:/Users/jh200/Documents/GamelabIIIFinal/code/Hookmaster/cmake-build-release-visual-studio/CMakeFiles/CMakeTmp

Run Build Command(s):C:/Program Files/JetBrains/CLion 2022.2.4/bin/ninja/win/ninja.exe cmTC_80e2a && [1/2] Building C object CMakeFiles\cmTC_80e2a.dir\CMakeCCompilerABI.c.obj
[2/2] Linking C executable cmTC_80e2a.exe



Detecting CXX compiler ABI info compiled with the following output:
Change Dir: C:/Users/jh200/Documents/GamelabIIIFinal/code/Hookmaster/cmake-build-release-visual-studio/CMakeFiles/CMakeTmp

Run Build Command(s):C:/Program Files/JetBrains/CLion 2022.2.4/bin/ninja/win/ninja.exe cmTC_10d2b && [1/2] Building CXX object CMakeFiles\cmTC_10d2b.dir\CMakeCXXCompilerABI.cpp.obj
[2/2] Linking CXX executable cmTC_10d2b.exe



Determining if the include file sys/types.h exists passed with the following output:
Change Dir: C:/Users/jh200/Documents/GamelabIIIFinal/code/Hookmaster/cmake-build-release-visual-studio/CMakeFiles/CMakeTmp

Run Build Command(s):C:/Program Files/JetBrains/CLion 2022.2.4/bin/ninja/win/ninja.exe cmTC_bbe52 && [1/2] Building C object CMakeFiles\cmTC_bbe52.dir\CheckIncludeFile.c.obj
[2/2] Linking C executable cmTC_bbe52.exe



Determining if the include file stdint.h exists passed with the following output:
Change Dir: C:/Users/jh200/Documents/GamelabIIIFinal/code/Hookmaster/cmake-build-release-visual-studio/CMakeFiles/CMakeTmp

Run Build Command(s):C:/Program Files/JetBrains/CLion 2022.2.4/bin/ninja/win/ninja.exe cmTC_e738a && [1/2] Building C object CMakeFiles\cmTC_e738a.dir\CheckIncludeFile.c.obj
[2/2] Linking C executable cmTC_e738a.exe



Determining if the include file stddef.h exists passed with the following output:
Change Dir: C:/Users/jh200/Documents/GamelabIIIFinal/code/Hookmaster/cmake-build-release-visual-studio/CMakeFiles/CMakeTmp

Run Build Command(s):C:/Program Files/JetBrains/CLion 2022.2.4/bin/ninja/win/ninja.exe cmTC_fcd28 && [1/2] Building C object CMakeFiles\cmTC_fcd28.dir\CheckIncludeFile.c.obj
[2/2] Linking C executable cmTC_fcd28.exe



